2020-09-20 12:29:57,227 INFO [main] o.e.j.u.log [Log.java:193] Logging initialized @465ms to org.eclipse.jetty.util.log.Slf4jLog
2020-09-20 12:29:57,272 INFO [main] o.e.j.s.Server [Server.java:374] jetty-9.4.11.v20180605; built: 2018-06-05T18:24:03.829Z; git: d5fc0523cfa96bfebfbda19606cad384d772f04c; jvm 14.0.2+12-46
2020-09-20 12:29:57,393 INFO [main] o.e.j.s.AbstractConnector [AbstractConnector.java:289] Started ServerConnector@62ddbd7e{HTTP/1.1,[http/1.1]}{0.0.0.0:9000}
2020-09-20 12:29:57,394 INFO [main] o.e.j.s.Server [Server.java:411] Started @634ms
2020-09-20 12:30:15,780 INFO [main] o.e.j.u.log [Log.java:193] Logging initialized @383ms to org.eclipse.jetty.util.log.Slf4jLog
2020-09-20 12:30:15,820 INFO [main] o.e.j.s.Server [Server.java:374] jetty-9.4.11.v20180605; built: 2018-06-05T18:24:03.829Z; git: d5fc0523cfa96bfebfbda19606cad384d772f04c; jvm 14.0.2+12-46
2020-09-20 12:30:15,900 INFO [main] o.e.j.s.AbstractConnector [AbstractConnector.java:289] Started ServerConnector@62ddbd7e{HTTP/1.1,[http/1.1]}{0.0.0.0:9000}
2020-09-20 12:30:15,901 INFO [main] o.e.j.s.Server [Server.java:411] Started @506ms
2020-09-20 12:30:33,056 INFO [qtp1157726741-19] o.h.j.i.u.LogHelper [LogHelper.java:31] HHH000204: Processing PersistenceUnitInfo [name: PERSISTENCE]
2020-09-20 12:30:33,109 INFO [qtp1157726741-19] o.h.Version [Version.java:46] HHH000412: Hibernate Core {5.4.1.Final}
2020-09-20 12:30:33,252 INFO [qtp1157726741-19] o.h.a.c.Version [JavaReflectionManager.java:49] HCANN000001: Hibernate Commons Annotations {5.1.0.Final}
2020-09-20 12:30:33,365 WARN [qtp1157726741-19] o.h.o.c.pooling [DriverManagerConnectionProviderImpl.java:72] HHH10001002: Using Hibernate built-in connection pool (not for production use!)
2020-09-20 12:30:33,436 INFO [qtp1157726741-19] o.h.o.c.pooling [DriverManagerConnectionProviderImpl.java:115] HHH10001005: using driver [com.microsoft.sqlserver.jdbc.SQLServerDriver] at URL [jdbc:sqlserver://localhost;databaseName=sacchonDB]
2020-09-20 12:30:33,437 INFO [qtp1157726741-19] o.h.o.c.pooling [DriverManagerConnectionProviderImpl.java:124] HHH10001001: Connection properties: {password=****, user=sa}
2020-09-20 12:30:33,437 INFO [qtp1157726741-19] o.h.o.c.pooling [DriverManagerConnectionProviderImpl.java:129] HHH10001003: Autocommit mode: false
2020-09-20 12:30:33,439 INFO [qtp1157726741-19] o.h.e.j.c.i.DriverManagerConnectionProviderImpl [DriverManagerConnectionProviderImpl.java:239] HHH000115: Hibernate connection pool size: 20 (min=1)
2020-09-20 12:30:33,667 INFO [qtp1157726741-19] o.h.d.Dialect [Dialect.java:158] HHH000400: Using dialect: org.hibernate.dialect.SQLServer2012Dialect
2020-09-20 12:30:34,243 INFO [qtp1157726741-19] o.h.o.c.access [DdlTransactionIsolatorNonJtaImpl.java:47] HHH10001501: Connection obtained from JdbcConnectionAccess [org.hibernate.engine.jdbc.env.internal.JdbcEnvironmentInitiator$ConnectionProviderJdbcConnectionAccess@15090a8c] for (non-JTA) DDL execution was not in auto-commit mode; the Connection 'local transaction' will be committed and the Connection will be set into auto-commit mode.
2020-09-20 12:30:34,625 INFO [qtp1157726741-19] o.h.e.t.j.p.i.JtaPlatformInitiator [JtaPlatformInitiator.java:52] HHH000490: Using JtaPlatform implementation: [org.hibernate.engine.transaction.jta.platform.internal.NoJtaPlatform]
2020-09-20 12:34:29,682 INFO [main] o.e.j.u.log [Log.java:193] Logging initialized @362ms to org.eclipse.jetty.util.log.Slf4jLog
2020-09-20 12:34:29,715 INFO [main] o.e.j.s.Server [Server.java:374] jetty-9.4.11.v20180605; built: 2018-06-05T18:24:03.829Z; git: d5fc0523cfa96bfebfbda19606cad384d772f04c; jvm 14.0.2+12-46
2020-09-20 12:34:29,769 INFO [main] o.e.j.s.AbstractConnector [AbstractConnector.java:289] Started ServerConnector@62ddbd7e{HTTP/1.1,[http/1.1]}{0.0.0.0:9000}
2020-09-20 12:34:29,769 INFO [main] o.e.j.s.Server [Server.java:411] Started @452ms
2020-09-20 12:34:47,629 INFO [qtp1157726741-17] o.h.j.i.u.LogHelper [LogHelper.java:31] HHH000204: Processing PersistenceUnitInfo [name: PERSISTENCE]
2020-09-20 12:34:47,663 INFO [qtp1157726741-17] o.h.Version [Version.java:46] HHH000412: Hibernate Core {5.4.1.Final}
2020-09-20 12:34:47,765 INFO [qtp1157726741-17] o.h.a.c.Version [JavaReflectionManager.java:49] HCANN000001: Hibernate Commons Annotations {5.1.0.Final}
2020-09-20 12:34:47,846 WARN [qtp1157726741-17] o.h.o.c.pooling [DriverManagerConnectionProviderImpl.java:72] HHH10001002: Using Hibernate built-in connection pool (not for production use!)
2020-09-20 12:34:47,898 INFO [qtp1157726741-17] o.h.o.c.pooling [DriverManagerConnectionProviderImpl.java:115] HHH10001005: using driver [com.microsoft.sqlserver.jdbc.SQLServerDriver] at URL [jdbc:sqlserver://localhost;databaseName=sacchonDB]
2020-09-20 12:34:47,899 INFO [qtp1157726741-17] o.h.o.c.pooling [DriverManagerConnectionProviderImpl.java:124] HHH10001001: Connection properties: {password=****, user=sa}
2020-09-20 12:34:47,899 INFO [qtp1157726741-17] o.h.o.c.pooling [DriverManagerConnectionProviderImpl.java:129] HHH10001003: Autocommit mode: false
2020-09-20 12:34:47,901 INFO [qtp1157726741-17] o.h.e.j.c.i.DriverManagerConnectionProviderImpl [DriverManagerConnectionProviderImpl.java:239] HHH000115: Hibernate connection pool size: 20 (min=1)
2020-09-20 12:34:48,059 INFO [qtp1157726741-17] o.h.d.Dialect [Dialect.java:158] HHH000400: Using dialect: org.hibernate.dialect.SQLServer2012Dialect
2020-09-20 12:34:48,563 INFO [qtp1157726741-17] o.h.o.c.access [DdlTransactionIsolatorNonJtaImpl.java:47] HHH10001501: Connection obtained from JdbcConnectionAccess [org.hibernate.engine.jdbc.env.internal.JdbcEnvironmentInitiator$ConnectionProviderJdbcConnectionAccess@625abd3] for (non-JTA) DDL execution was not in auto-commit mode; the Connection 'local transaction' will be committed and the Connection will be set into auto-commit mode.
2020-09-20 12:34:48,822 INFO [qtp1157726741-17] o.h.e.t.j.p.i.JtaPlatformInitiator [JtaPlatformInitiator.java:52] HHH000490: Using JtaPlatform implementation: [org.hibernate.engine.transaction.jta.platform.internal.NoJtaPlatform]
2020-09-20 12:45:33,773 INFO [main] o.e.j.u.log [Log.java:193] Logging initialized @348ms to org.eclipse.jetty.util.log.Slf4jLog
2020-09-20 12:45:33,805 INFO [main] o.e.j.s.Server [Server.java:374] jetty-9.4.11.v20180605; built: 2018-06-05T18:24:03.829Z; git: d5fc0523cfa96bfebfbda19606cad384d772f04c; jvm 14.0.2+12-46
2020-09-20 12:45:33,863 INFO [main] o.e.j.s.AbstractConnector [AbstractConnector.java:289] Started ServerConnector@62ddbd7e{HTTP/1.1,[http/1.1]}{0.0.0.0:9000}
2020-09-20 12:45:33,863 INFO [main] o.e.j.s.Server [Server.java:411] Started @441ms
2020-09-20 12:45:36,206 INFO [qtp1157726741-26] o.h.j.i.u.LogHelper [LogHelper.java:31] HHH000204: Processing PersistenceUnitInfo [name: PERSISTENCE]
2020-09-20 12:45:36,241 INFO [qtp1157726741-26] o.h.Version [Version.java:46] HHH000412: Hibernate Core {5.4.1.Final}
2020-09-20 12:45:36,346 INFO [qtp1157726741-26] o.h.a.c.Version [JavaReflectionManager.java:49] HCANN000001: Hibernate Commons Annotations {5.1.0.Final}
2020-09-20 12:45:36,430 WARN [qtp1157726741-26] o.h.o.c.pooling [DriverManagerConnectionProviderImpl.java:72] HHH10001002: Using Hibernate built-in connection pool (not for production use!)
2020-09-20 12:45:36,484 INFO [qtp1157726741-26] o.h.o.c.pooling [DriverManagerConnectionProviderImpl.java:115] HHH10001005: using driver [com.microsoft.sqlserver.jdbc.SQLServerDriver] at URL [jdbc:sqlserver://localhost;databaseName=sacchonDB]
2020-09-20 12:45:36,484 INFO [qtp1157726741-26] o.h.o.c.pooling [DriverManagerConnectionProviderImpl.java:124] HHH10001001: Connection properties: {password=****, user=sa}
2020-09-20 12:45:36,484 INFO [qtp1157726741-26] o.h.o.c.pooling [DriverManagerConnectionProviderImpl.java:129] HHH10001003: Autocommit mode: false
2020-09-20 12:45:36,486 INFO [qtp1157726741-26] o.h.e.j.c.i.DriverManagerConnectionProviderImpl [DriverManagerConnectionProviderImpl.java:239] HHH000115: Hibernate connection pool size: 20 (min=1)
2020-09-20 12:45:36,656 INFO [qtp1157726741-26] o.h.d.Dialect [Dialect.java:158] HHH000400: Using dialect: org.hibernate.dialect.SQLServer2012Dialect
2020-09-20 12:45:37,181 INFO [qtp1157726741-26] o.h.o.c.access [DdlTransactionIsolatorNonJtaImpl.java:47] HHH10001501: Connection obtained from JdbcConnectionAccess [org.hibernate.engine.jdbc.env.internal.JdbcEnvironmentInitiator$ConnectionProviderJdbcConnectionAccess@58952f70] for (non-JTA) DDL execution was not in auto-commit mode; the Connection 'local transaction' will be committed and the Connection will be set into auto-commit mode.
2020-09-20 12:45:37,458 INFO [qtp1157726741-26] o.h.e.t.j.p.i.JtaPlatformInitiator [JtaPlatformInitiator.java:52] HHH000490: Using JtaPlatform implementation: [org.hibernate.engine.transaction.jta.platform.internal.NoJtaPlatform]
2020-09-20 12:47:32,885 INFO [main] o.e.j.u.log [Log.java:193] Logging initialized @389ms to org.eclipse.jetty.util.log.Slf4jLog
2020-09-20 12:47:32,919 INFO [main] o.e.j.s.Server [Server.java:374] jetty-9.4.11.v20180605; built: 2018-06-05T18:24:03.829Z; git: d5fc0523cfa96bfebfbda19606cad384d772f04c; jvm 14.0.2+12-46
2020-09-20 12:47:32,977 INFO [main] o.e.j.s.AbstractConnector [AbstractConnector.java:289] Started ServerConnector@62ddbd7e{HTTP/1.1,[http/1.1]}{0.0.0.0:9000}
2020-09-20 12:47:32,977 INFO [main] o.e.j.s.Server [Server.java:411] Started @486ms
2020-09-20 12:47:39,755 INFO [qtp1157726741-26] o.h.j.i.u.LogHelper [LogHelper.java:31] HHH000204: Processing PersistenceUnitInfo [name: PERSISTENCE]
2020-09-20 12:47:39,791 INFO [qtp1157726741-26] o.h.Version [Version.java:46] HHH000412: Hibernate Core {5.4.1.Final}
2020-09-20 12:47:39,896 INFO [qtp1157726741-26] o.h.a.c.Version [JavaReflectionManager.java:49] HCANN000001: Hibernate Commons Annotations {5.1.0.Final}
2020-09-20 12:47:39,980 WARN [qtp1157726741-26] o.h.o.c.pooling [DriverManagerConnectionProviderImpl.java:72] HHH10001002: Using Hibernate built-in connection pool (not for production use!)
2020-09-20 12:47:40,036 INFO [qtp1157726741-26] o.h.o.c.pooling [DriverManagerConnectionProviderImpl.java:115] HHH10001005: using driver [com.microsoft.sqlserver.jdbc.SQLServerDriver] at URL [jdbc:sqlserver://localhost;databaseName=sacchonDB]
2020-09-20 12:47:40,036 INFO [qtp1157726741-26] o.h.o.c.pooling [DriverManagerConnectionProviderImpl.java:124] HHH10001001: Connection properties: {password=****, user=sa}
2020-09-20 12:47:40,037 INFO [qtp1157726741-26] o.h.o.c.pooling [DriverManagerConnectionProviderImpl.java:129] HHH10001003: Autocommit mode: false
2020-09-20 12:47:40,038 INFO [qtp1157726741-26] o.h.e.j.c.i.DriverManagerConnectionProviderImpl [DriverManagerConnectionProviderImpl.java:239] HHH000115: Hibernate connection pool size: 20 (min=1)
2020-09-20 12:47:40,213 INFO [qtp1157726741-26] o.h.d.Dialect [Dialect.java:158] HHH000400: Using dialect: org.hibernate.dialect.SQLServer2012Dialect
2020-09-20 12:47:40,864 INFO [qtp1157726741-26] o.h.o.c.access [DdlTransactionIsolatorNonJtaImpl.java:47] HHH10001501: Connection obtained from JdbcConnectionAccess [org.hibernate.engine.jdbc.env.internal.JdbcEnvironmentInitiator$ConnectionProviderJdbcConnectionAccess@55421b99] for (non-JTA) DDL execution was not in auto-commit mode; the Connection 'local transaction' will be committed and the Connection will be set into auto-commit mode.
2020-09-20 12:47:41,136 INFO [qtp1157726741-26] o.h.e.t.j.p.i.JtaPlatformInitiator [JtaPlatformInitiator.java:52] HHH000490: Using JtaPlatform implementation: [org.hibernate.engine.transaction.jta.platform.internal.NoJtaPlatform]
